0 info it worked if it ends with ok
1 verbose cli [ '/Users/jonwaldstein/.nvm/versions/node/v4.5.0/bin/node',
1 verbose cli   '/Users/jonwaldstein/.nvm/versions/node/v4.5.0/bin/npm',
1 verbose cli   'run',
1 verbose cli   'docs:dev' ]
2 info using npm@2.15.9
3 info using node@v4.5.0
4 verbose run-script [ 'predocs:dev', 'docs:dev', 'postdocs:dev' ]
5 info predocs:dev @
6 info docs:dev @
7 verbose unsafe-perm in lifecycle true
8 info @ Failed to exec docs:dev script
9 verbose stack Error: @ docs:dev: `vuepress dev docs`
9 verbose stack Exit status 1
9 verbose stack     at EventEmitter.<anonymous> (/Users/jonwaldstein/.nvm/versions/node/v4.5.0/lib/node_modules/npm/lib/utils/lifecycle.js:217:16)
9 verbose stack     at emitTwo (events.js:87:13)
9 verbose stack     at EventEmitter.emit (events.js:172:7)
9 verbose stack     at ChildProcess.<anonymous> (/Users/jonwaldstein/.nvm/versions/node/v4.5.0/lib/node_modules/npm/lib/utils/spawn.js:24:14)
9 verbose stack     at emitTwo (events.js:87:13)
9 verbose stack     at ChildProcess.emit (events.js:172:7)
9 verbose stack     at maybeClose (internal/child_process.js:829:16)
9 verbose stack     at Process.ChildProcess._handle.onexit (internal/child_process.js:211:5)
10 verbose pkgid @
11 verbose cwd /Users/jonwaldstein/Sites/zgmdocs
12 error Darwin 17.7.0
13 error argv "/Users/jonwaldstein/.nvm/versions/node/v4.5.0/bin/node" "/Users/jonwaldstein/.nvm/versions/node/v4.5.0/bin/npm" "run" "docs:dev"
14 error node v4.5.0
15 error npm  v2.15.9
16 error code ELIFECYCLE
17 error @ docs:dev: `vuepress dev docs`
17 error Exit status 1
18 error Failed at the @ docs:dev script 'vuepress dev docs'.
18 error This is most likely a problem with the  package,
18 error not with npm itself.
18 error Tell the author that this fails on your system:
18 error     vuepress dev docs
18 error You can get information on how to open an issue for this project with:
18 error     npm bugs
18 error Or if that isn't available, you can get their info via:
18 error
18 error     npm owner ls
18 error There is likely additional logging output above.
19 verbose exit [ 1, true ]
